Determining if the pthread_create exist failed with the following output:
Change Dir: /home/wasiel13/wasiel_13/SYNERGIA_PROJECTS/master_thesis/ROS_MotionPlanning_ObstacleDetection/build/CMakeFiles/CMakeTmp

Run Build Command:/usr/bin/make "cmTryCompileExec4089083043/fast"
/usr/bin/make -f CMakeFiles/cmTryCompileExec4089083043.dir/build.make CMakeFiles/cmTryCompileExec4089083043.dir/build
make[1]: Entering directory `/home/wasiel13/wasiel_13/SYNERGIA_PROJECTS/master_thesis/ROS_MotionPlanning_ObstacleDetection/build/CMakeFiles/CMakeTmp'
/usr/bin/cmake -E cmake_progress_report /home/wasiel13/wasiel_13/SYNERGIA_PROJECTS/master_thesis/ROS_MotionPlanning_ObstacleDetection/build/CMakeFiles/CMakeTmp/CMakeFiles 1
Building C object CMakeFiles/cmTryCompileExec4089083043.dir/CheckSymbolExists.c.o
/usr/bin/cc    -o CMakeFiles/cmTryCompileExec4089083043.dir/CheckSymbolExists.c.o   -c /home/wasiel13/wasiel_13/SYNERGIA_PROJECTS/master_thesis/ROS_MotionPlanning_ObstacleDetection/build/CMakeFiles/CMakeTmp/CheckSymbolExists.c
Linking C executable cmTryCompileExec4089083043
/usr/bin/cmake -E cmake_link_script CMakeFiles/cmTryCompileExec4089083043.dir/link.txt --verbose=1
/usr/bin/cc       CMakeFiles/cmTryCompileExec4089083043.dir/CheckSymbolExists.c.o  -o cmTryCompileExec4089083043 -rdynamic 
CMakeFiles/cmTryCompileExec4089083043.dir/CheckSymbolExists.c.o: In function `main':
CheckSymbolExists.c:(.text+0x16): undefined reference to `pthread_create'
collect2: error: ld returned 1 exit status
make[1]: *** [cmTryCompileExec4089083043] Error 1
make[1]: Leaving directory `/home/wasiel13/wasiel_13/SYNERGIA_PROJECTS/master_thesis/ROS_MotionPlanning_ObstacleDetection/build/CMakeFiles/CMakeTmp'
make: *** [cmTryCompileExec4089083043/fast] Error 2

File /home/wasiel13/wasiel_13/SYNERGIA_PROJECTS/master_thesis/ROS_MotionPlanning_ObstacleDetection/build/CMakeFiles/CMakeTmp/CheckSymbolExists.c:
/* */
#include <pthread.h>

int main(int argc, char** argv)
{
  (void)argv;
#ifndef pthread_create
  return ((int*)(&pthread_create))[argc];
#else
  (void)argc;
  return 0;
#endif
}

Determining if the function pthread_create exists in the pthreads failed with the following output:
Change Dir: /home/wasiel13/wasiel_13/SYNERGIA_PROJECTS/master_thesis/ROS_MotionPlanning_ObstacleDetection/build/CMakeFiles/CMakeTmp

Run Build Command:/usr/bin/make "cmTryCompileExec3305205452/fast"
/usr/bin/make -f CMakeFiles/cmTryCompileExec3305205452.dir/build.make CMakeFiles/cmTryCompileExec3305205452.dir/build
make[1]: Entering directory `/home/wasiel13/wasiel_13/SYNERGIA_PROJECTS/master_thesis/ROS_MotionPlanning_ObstacleDetection/build/CMakeFiles/CMakeTmp'
/usr/bin/cmake -E cmake_progress_report /home/wasiel13/wasiel_13/SYNERGIA_PROJECTS/master_thesis/ROS_MotionPlanning_ObstacleDetection/build/CMakeFiles/CMakeTmp/CMakeFiles 1
Building C object CMakeFiles/cmTryCompileExec3305205452.dir/CheckFunctionExists.c.o
/usr/bin/cc   -DCHECK_FUNCTION_EXISTS=pthread_create   -o CMakeFiles/cmTryCompileExec3305205452.dir/CheckFunctionExists.c.o   -c /usr/share/cmake-2.8/Modules/CheckFunctionExists.c
Linking C executable cmTryCompileExec3305205452
/usr/bin/cmake -E cmake_link_script CMakeFiles/cmTryCompileExec3305205452.dir/link.txt --verbose=1
/usr/bin/cc   -DCHECK_FUNCTION_EXISTS=pthread_create    CMakeFiles/cmTryCompileExec3305205452.dir/CheckFunctionExists.c.o  -o cmTryCompileExec3305205452 -rdynamic -lpthreads 
/usr/bin/ld: cannot find -lpthreads
collect2: error: ld returned 1 exit status
make[1]: *** [cmTryCompileExec3305205452] Error 1
make[1]: Leaving directory `/home/wasiel13/wasiel_13/SYNERGIA_PROJECTS/master_thesis/ROS_MotionPlanning_ObstacleDetection/build/CMakeFiles/CMakeTmp'
make: *** [cmTryCompileExec3305205452/fast] Error 2


